<?xml version="1.0" encoding="UTF-8"?>
<!-- Generated by org.testng.reporters.JUnitReportReporter -->
<testsuite hostname="GP-HP" failures="0" tests="2" name="qaClickAcademy.ExcelDriven.Screenshot" time="0.013" errors="0" timestamp="2022-11-03T01:41:53 IST" skipped="0">
  <testcase classname="qaClickAcademy.ExcelDriven.Screenshot" name="FileWrite" time="0.006"/>
  <system-out/>
  <testcase classname="qaClickAcademy.ExcelDriven.Screenshot" name="FileRead" time="0.007"/>
  <system-out/>
</testsuite> <!-- qaClickAcademy.ExcelDriven.Screenshot -->
