<?xml version="1.0" encoding="UTF-8"?>
<!-- Generated by org.testng.reporters.JUnitReportReporter -->
<testsuite hostname="GP-HP" failures="0" tests="3" name="qaClickAcademy.ExcelDriven.DataDrivenExcelDataProvider" time="0.026" errors="0" timestamp="2022-09-10T09:24:23 IST" skipped="0">
  <testcase classname="qaClickAcademy.ExcelDriven.DataDrivenExcelDataProvider" name="testCaseData" time="0.005"/>
  <system-out/>
  <testcase classname="qaClickAcademy.ExcelDriven.DataDrivenExcelDataProvider" name="testCaseData" time="0.004"/>
  <system-out/>
  <testcase classname="qaClickAcademy.ExcelDriven.DataDrivenExcelDataProvider" name="testCaseData" time="0.017"/>
  <system-out/>
</testsuite> <!-- qaClickAcademy.ExcelDriven.DataDrivenExcelDataProvider -->
