<?xml version="1.0" encoding="UTF-8"?>
<!-- Generated by org.testng.reporters.JUnitReportReporter -->
<testsuite hostname="GP-HP" failures="0" tests="1" name="FrameWork.GaFauanacataiaoanaala.WindowHandles1" time="22.113" errors="0" timestamp="2022-11-02T01:39:51 IST" skipped="0">
  <testcase classname="FrameWork.GaFauanacataiaoanaala.WindowHandles1" name="abc" time="22.113"/>
  <system-out/>
</testsuite> <!-- FrameWork.GaFauanacataiaoanaala.WindowHandles1 -->
