<?xml version="1.0" encoding="UTF-8"?>
<!-- Generated by org.testng.reporters.JUnitReportReporter -->
<testsuite hostname="GP-HP" failures="0" tests="3" name="qaClickAcademy.DataDrivenExcelDataProvider" time="0.023" errors="0" timestamp="2022-11-03T01:41:53 IST" skipped="0">
  <testcase classname="qaClickAcademy.DataDrivenExcelDataProvider" name="testCaseData" time="0.003"/>
  <system-out/>
  <testcase classname="qaClickAcademy.DataDrivenExcelDataProvider" name="testCaseData" time="0.002"/>
  <system-out/>
  <testcase classname="qaClickAcademy.DataDrivenExcelDataProvider" name="testCaseData" time="0.018"/>
  <system-out/>
</testsuite> <!-- qaClickAcademy.DataDrivenExcelDataProvider -->
