<?xml version="1.0" encoding="UTF-8"?>
<!-- Generated by org.testng.reporters.JUnitReportReporter -->
<testsuite hostname="GP-HP" failures="0" tests="1" name="test.BTest" time="0.049" errors="0" timestamp="14 Nov 2022 04:05:16 GMT" skipped="0">
  <testcase classname="test.BTest" name="main" time="0.049"/>
</testsuite> <!-- test.BTest -->
