<?xml version="1.0" encoding="UTF-8"?>
<!-- Generated by org.testng.reporters.JUnitReportReporter -->
<testsuite hostname="GP-HP" failures="0" tests="1" name="page.ATest" time="0.022" errors="0" timestamp="12 Nov 2022 02:09:54 GMT" skipped="0">
  <testcase classname="page.ATest" name="main" time="0.022"/>
</testsuite> <!-- page.ATest -->
